Added Component: Designator=ANT?(PATCH ANTEN 2.45GHZ)
Add component (AddParameter): Name = "Value"; Value = "2.45GHz"; VariantName = "[No Variations]"
Added Component: Designator=C?(CAPC-0603 (1608))
Add component (AddParameter): Name = "Category"; Value = "CAPACITOR"; VariantName = "[No Variations]"
Add component (AddParameter): Name = "CMT"; Value = "475/10V"; VariantName = "[No Variations]"
Add component (AddParameter): Name = "CompanyID"; Value = ""; VariantName = "[No Variations]"
Add component (AddParameter): Name = "MFR"; Value = ""; VariantName = "[No Variations]"
Add component (AddParameter): Name = "MFR_URL"; Value = ""; VariantName = "[No Variations]"
Add component (AddParameter): Name = "MPN"; Value = "CL10A475KP8NNNC"; VariantName = "[No Variations]"
Add component (AddParameter): Name = "PinCount"; Value = "2"; VariantName = "[No Variations]"
Add component (AddParameter): Name = "Solder"; Value = "SMT"; VariantName = "[No Variations]"
Added Component: Designator=C?(CAPC-0603 (1608))
Add component (AddParameter): Name = "Category"; Value = "CAPACITOR"; VariantName = "[No Variations]"
Add component (AddParameter): Name = "CMT"; Value = "101/50V"; VariantName = "[No Variations]"
Add component (AddParameter): Name = "CompanyID"; Value = ""; VariantName = "[No Variations]"
Add component (AddParameter): Name = "MFR"; Value = ""; VariantName = "[No Variations]"
Add component (AddParameter): Name = "MFR_URL"; Value = ""; VariantName = "[No Variations]"
Add component (AddParameter): Name = "MPN"; Value = "GRM1885C1H101JA01D"; VariantName = "[No Variations]"
Add component (AddParameter): Name = "PinCount"; Value = "2"; VariantName = "[No Variations]"
Add component (AddParameter): Name = "Solder"; Value = "SMT"; VariantName = "[No Variations]"
Added Component: Designator=C?(CAPC-0402 (1005))
Add component (AddParameter): Name = "Category"; Value = "CAPACITOR"; VariantName = "[No Variations]"
Add component (AddParameter): Name = "CMT"; Value = "104/16V"; VariantName = "[No Variations]"
Add component (AddParameter): Name = "CompanyID"; Value = ""; VariantName = "[No Variations]"
Add component (AddParameter): Name = "MFR"; Value = "Yageo"; VariantName = "[No Variations]"
Add component (AddParameter): Name = "MPN"; Value = "CC0402KRX7R7BB104"; VariantName = "[No Variations]"
Add component (AddParameter): Name = "Solder"; Value = "SMT"; VariantName = "[No Variations]"
Added Component: Designator=C?(CAPC-0402 (1005))
Add component (AddParameter): Name = "Category"; Value = "CAPACITOR"; VariantName = "[No Variations]"
Add component (AddParameter): Name = "CMT"; Value = "104/16V"; VariantName = "[No Variations]"
Add component (AddParameter): Name = "CompanyID"; Value = ""; VariantName = "[No Variations]"
Add component (AddParameter): Name = "MFR"; Value = "Yageo"; VariantName = "[No Variations]"
Add component (AddParameter): Name = "MPN"; Value = "CC0402KRX7R7BB104"; VariantName = "[No Variations]"
Add component (AddParameter): Name = "Solder"; Value = "SMT"; VariantName = "[No Variations]"
Added Component: Designator=C?(CAPC-0402 (1005))
Add component (AddParameter): Name = "Category"; Value = "CAPACITOR"; VariantName = "[No Variations]"
Add component (AddParameter): Name = "CMT"; Value = "104/16V"; VariantName = "[No Variations]"
Add component (AddParameter): Name = "CompanyID"; Value = ""; VariantName = "[No Variations]"
Add component (AddParameter): Name = "MFR"; Value = "Yageo"; VariantName = "[No Variations]"
Add component (AddParameter): Name = "MPN"; Value = "CC0402KRX7R7BB104"; VariantName = "[No Variations]"
Add component (AddParameter): Name = "Solder"; Value = "SMT"; VariantName = "[No Variations]"
Added Component: Designator=C?(CAPC-0603 (1608))
Add component (AddParameter): Name = "Category"; Value = "CAPACITOR"; VariantName = "[No Variations]"
Add component (AddParameter): Name = "CMT"; Value = "105/16V"; VariantName = "[No Variations]"
Add component (AddParameter): Name = "CompanyID"; Value = ""; VariantName = "[No Variations]"
Add component (AddParameter): Name = "MFR"; Value = ""; VariantName = "[No Variations]"
Add component (AddParameter): Name = "MFR_URL"; Value = ""; VariantName = "[No Variations]"
Add component (AddParameter): Name = "MPN"; Value = "CC0603KRX7R7BB105"; VariantName = "[No Variations]"
Add component (AddParameter): Name = "PinCount"; Value = "2"; VariantName = "[No Variations]"
Add component (AddParameter): Name = "Solder"; Value = "SMT"; VariantName = "[No Variations]"
Added Component: Designator=C?(CAPC-0402 (1005))
Add component (AddParameter): Name = "Category"; Value = "CAPACITOR"; VariantName = "[No Variations]"
Add component (AddParameter): Name = "CMT"; Value = "10pF/25V"; VariantName = "[No Variations]"
Add component (AddParameter): Name = "CompanyID"; Value = ""; VariantName = "[No Variations]"
Add component (AddParameter): Name = "Digikey MPN"; Value = "399-7746-1-ND"; VariantName = "[No Variations]"
Add component (AddParameter): Name = "MFR"; Value = "KEMET"; VariantName = "[No Variations]"
Add component (AddParameter): Name = "MPN"; Value = "C0402C100J3GACTU"; VariantName = "[No Variations]"
Add component (AddParameter): Name = "Solder"; Value = "SMT"; VariantName = "[No Variations]"
Added Component: Designator=C?(CAPC-0402 (1005))
Add component (AddParameter): Name = "Category"; Value = "CAPACITOR"; VariantName = "[No Variations]"
Add component (AddParameter): Name = "CMT"; Value = "10pF/25V"; VariantName = "[No Variations]"
Add component (AddParameter): Name = "CompanyID"; Value = ""; VariantName = "[No Variations]"
Add component (AddParameter): Name = "Digikey MPN"; Value = "399-7746-1-ND"; VariantName = "[No Variations]"
Add component (AddParameter): Name = "MFR"; Value = "KEMET"; VariantName = "[No Variations]"
Add component (AddParameter): Name = "MPN"; Value = "C0402C100J3GACTU"; VariantName = "[No Variations]"
Add component (AddParameter): Name = "Solder"; Value = "SMT"; VariantName = "[No Variations]"
Added Component: Designator=C?(CAPC-0402 (1005))
Add component (AddParameter): Name = "Category"; Value = "CAPACITOR"; VariantName = "[No Variations]"
Add component (AddParameter): Name = "CMT"; Value = "10pF/25V"; VariantName = "[No Variations]"
Add component (AddParameter): Name = "CompanyID"; Value = ""; VariantName = "[No Variations]"
Add component (AddParameter): Name = "Digikey MPN"; Value = "399-7746-1-ND"; VariantName = "[No Variations]"
Add component (AddParameter): Name = "MFR"; Value = "KEMET"; VariantName = "[No Variations]"
Add component (AddParameter): Name = "MPN"; Value = "C0402C100J3GACTU"; VariantName = "[No Variations]"
Add component (AddParameter): Name = "Solder"; Value = "SMT"; VariantName = "[No Variations]"
Added Component: Designator=C?(CAPC-0402 (1005))
Add component (AddParameter): Name = "Category"; Value = "CAPACITOR"; VariantName = "[No Variations]"
Add component (AddParameter): Name = "CMT"; Value = "10pF/25V"; VariantName = "[No Variations]"
Add component (AddParameter): Name = "CompanyID"; Value = ""; VariantName = "[No Variations]"
Add component (AddParameter): Name = "Digikey MPN"; Value = "399-7746-1-ND"; VariantName = "[No Variations]"
Add component (AddParameter): Name = "MFR"; Value = "KEMET"; VariantName = "[No Variations]"
Add component (AddParameter): Name = "MPN"; Value = "C0402C100J3GACTU"; VariantName = "[No Variations]"
Add component (AddParameter): Name = "Solder"; Value = "SMT"; VariantName = "[No Variations]"
Added Component: Designator=C?(CAPC-0603 (1608))
Add component (AddParameter): Name = "Category"; Value = "CAPACITOR"; VariantName = "[No Variations]"
Add component (AddParameter): Name = "CMT"; Value = "101/50V"; VariantName = "[No Variations]"
Add component (AddParameter): Name = "CompanyID"; Value = ""; VariantName = "[No Variations]"
Add component (AddParameter): Name = "MFR"; Value = ""; VariantName = "[No Variations]"
Add component (AddParameter): Name = "MFR_URL"; Value = ""; VariantName = "[No Variations]"
Add component (AddParameter): Name = "MPN"; Value = "GRM1885C1H101JA01D"; VariantName = "[No Variations]"
Add component (AddParameter): Name = "PinCount"; Value = "2"; VariantName = "[No Variations]"
Add component (AddParameter): Name = "Solder"; Value = "SMT"; VariantName = "[No Variations]"
Added Component: Designator=C?(CAPC-0402 (1005))
Add component (AddParameter): Name = "Category"; Value = "CAPACITOR"; VariantName = "[No Variations]"
Add component (AddParameter): Name = "CMT"; Value = "10pF/25V"; VariantName = "[No Variations]"
Add component (AddParameter): Name = "CompanyID"; Value = ""; VariantName = "[No Variations]"
Add component (AddParameter): Name = "Digikey MPN"; Value = "399-7746-1-ND"; VariantName = "[No Variations]"
Add component (AddParameter): Name = "MFR"; Value = "KEMET"; VariantName = "[No Variations]"
Add component (AddParameter): Name = "MPN"; Value = "C0402C100J3GACTU"; VariantName = "[No Variations]"
Add component (AddParameter): Name = "Solder"; Value = "SMT"; VariantName = "[No Variations]"
Added Component: Designator=L?(IND-0603 (1608))
Add component (AddParameter): Name = "Category"; Value = "FERRITE BEAD"; VariantName = "[No Variations]"
Add component (AddParameter): Name = "CMT"; Value = "3.9nH"; VariantName = "[No Variations]"
Add component (AddParameter): Name = "CompanyID"; Value = ""; VariantName = "[No Variations]"
Add component (AddParameter): Name = "MFR"; Value = ""; VariantName = "[No Variations]"
Add component (AddParameter): Name = "MFR_URL"; Value = ""; VariantName = "[No Variations]"
Add component (AddParameter): Name = "MPN"; Value = "HK16083N9S-T"; VariantName = "[No Variations]"
Add component (AddParameter): Name = "PinCount"; Value = "2"; VariantName = "[No Variations]"
Add component (AddParameter): Name = "Solder"; Value = "SMT"; VariantName = "[No Variations]"
Added Component: Designator=X?(CRYSTAL-XRCGB27M120F3M10R0 (2x1.6))
Add component (AddParameter): Name = "Category"; Value = "CRYSTAL"; VariantName = "[No Variations]"
Add component (AddParameter): Name = "CMT"; Value = "32MHz"; VariantName = "[No Variations]"
Add component (AddParameter): Name = "CompanyID"; Value = ""; VariantName = "[No Variations]"
Add component (AddParameter): Name = "MFR"; Value = "Raltron Electronics"; VariantName = "[No Variations]"
Add component (AddParameter): Name = "MPN"; Value = "R2016-32.000-8-F-1010-EXT-TR"; VariantName = "[No Variations]"
Add component (AddParameter): Name = "Solder"; Value = "SMT"; VariantName = "[No Variations]"
Added Component: Designator=Y?(XTAL_NX3215SA-32.768K-STD-MUA-14)
Add component (AddParameter): Name = "Availability"; Value = "Unavailable"; VariantName = "[No Variations]"
Add component (AddParameter): Name = "MF"; Value = "{'manufacturer': u'NDK America,'}"; VariantName = "[No Variations]"
Add component (AddParameter): Name = "MP"; Value = "NX3215SA-32.768K-STD-MUA-14"; VariantName = "[No Variations]"
Add component (AddParameter): Name = "Package"; Value = "None"; VariantName = "[No Variations]"
Add component (AddParameter): Name = "Price"; Value = "None"; VariantName = "[No Variations]"
Add component (AddParameter): Name = "Value"; Value = ""; VariantName = "[No Variations]"
Added Pin To Net: NetName=ANT Pin=ANT?-1
Added Pin To Net: NetName=ANT Pin=L?-2
Added Net: Name=ANT
Added Pin To Net: NetName=GND Pin=C?-1
Added Pin To Net: NetName=GND Pin=C?-1
Added Pin To Net: NetName=GND Pin=C?-1
Added Pin To Net: NetName=GND Pin=C?-1
Added Pin To Net: NetName=GND Pin=C?-1
Added Pin To Net: NetName=GND Pin=C?-1
Added Pin To Net: NetName=GND Pin=C?-1
Added Pin To Net: NetName=GND Pin=C?-1
Added Pin To Net: NetName=GND Pin=C?-1
Added Pin To Net: NetName=GND Pin=C?-1
Added Pin To Net: NetName=GND Pin=C?-1
Added Pin To Net: NetName=GND Pin=C?-2
Added Pin To Net: NetName=GND Pin=U?-31
Added Pin To Net: NetName=GND Pin=U?-45
Added Pin To Net: NetName=GND Pin=X?-2
Added Pin To Net: NetName=GND Pin=X?-4
Added Net: Name=GND
Added Pin To Net: NetName=NetC?_1 Pin=C?-1
Added Pin To Net: NetName=NetC?_1 Pin=U?-46
Added Net: Name=NetC?_1
Added Pin To Net: NetName=NetC?_2 Pin=C?-2
Added Pin To Net: NetName=NetC?_2 Pin=U?-33
Added Net: Name=NetC?_2
Added Pin To Net: NetName=P0.02 Pin=U?-4
Added Net: Name=P0.02
Added Pin To Net: NetName=P0.03 Pin=U?-5
Added Net: Name=P0.03
Added Pin To Net: NetName=P0.04 Pin=U?-6
Added Net: Name=P0.04
Added Pin To Net: NetName=P0.05 Pin=U?-7
Added Net: Name=P0.05
Added Pin To Net: NetName=P0.06 Pin=U?-8
Added Net: Name=P0.06
Added Pin To Net: NetName=P0.07 Pin=U?-9
Added Net: Name=P0.07
Added Pin To Net: NetName=P0.08 Pin=U?-10
Added Net: Name=P0.08
Added Pin To Net: NetName=P0.09 Pin=U?-11
Added Net: Name=P0.09
Added Pin To Net: NetName=P0.10 Pin=U?-12
Added Net: Name=P0.10
Added Pin To Net: NetName=P0.11 Pin=U?-14
Added Net: Name=P0.11
Added Pin To Net: NetName=P0.12 Pin=U?-15
Added Net: Name=P0.12
Added Pin To Net: NetName=P0.13 Pin=U?-16
Added Net: Name=P0.13
Added Pin To Net: NetName=P0.14 Pin=U?-17
Added Net: Name=P0.14
Added Pin To Net: NetName=P0.15 Pin=U?-18
Added Net: Name=P0.15
Added Pin To Net: NetName=P0.16 Pin=U?-19
Added Net: Name=P0.16
Added Pin To Net: NetName=P0.17 Pin=U?-20
Added Net: Name=P0.17
Added Pin To Net: NetName=P0.18 Pin=U?-21
Added Net: Name=P0.18
Added Pin To Net: NetName=P0.19 Pin=U?-22
Added Net: Name=P0.19
Added Pin To Net: NetName=P0.20 Pin=U?-23
Added Net: Name=P0.20
Added Pin To Net: NetName=P0.21 Pin=U?-24
Added Net: Name=P0.21
Added Pin To Net: NetName=P0.22 Pin=U?-27
Added Net: Name=P0.22
Added Pin To Net: NetName=P0.23 Pin=U?-28
Added Net: Name=P0.23
Added Pin To Net: NetName=P0.24 Pin=U?-29
Added Net: Name=P0.24
Added Pin To Net: NetName=P0.25 Pin=U?-37
Added Net: Name=P0.25
Added Pin To Net: NetName=P0.26 Pin=U?-38
Added Net: Name=P0.26
Added Pin To Net: NetName=P0.27 Pin=U?-39
Added Net: Name=P0.27
Added Pin To Net: NetName=P0.28 Pin=U?-40
Added Net: Name=P0.28
Added Pin To Net: NetName=P0.29 Pin=U?-41
Added Net: Name=P0.29
Added Pin To Net: NetName=P0.30 Pin=U?-42
Added Net: Name=P0.30
Added Pin To Net: NetName=P0.31 Pin=U?-43
Added Net: Name=P0.31
Added Pin To Net: NetName=SWDCLK Pin=U?-25
Added Net: Name=SWDCLK
Added Pin To Net: NetName=SWDIO Pin=U?-26
Added Net: Name=SWDIO
Added Pin To Net: NetName=VDD Pin=C?-2
Added Pin To Net: NetName=VDD Pin=C?-2
Added Pin To Net: NetName=VDD Pin=C?-2
Added Pin To Net: NetName=VDD Pin=U?-13
Added Pin To Net: NetName=VDD Pin=U?-36
Added Pin To Net: NetName=VDD Pin=U?-48
Added Net: Name=VDD
Added Member To Class: ClassName=GPIO Member=Component ANT? 2.45GHz
Added Member To Class: ClassName=GPIO Member=Component C? 475/10V
Added Member To Class: ClassName=GPIO Member=Component C? N.C
Added Member To Class: ClassName=GPIO Member=Component C? 104/16V
Added Member To Class: ClassName=GPIO Member=Component C? 104/16V
Added Member To Class: ClassName=GPIO Member=Component C? 104/16V
Added Member To Class: ClassName=GPIO Member=Component C? 105/16V
Added Member To Class: ClassName=GPIO Member=Component C? 12pF
Added Member To Class: ClassName=GPIO Member=Component C? 12pF
Added Member To Class: ClassName=GPIO Member=Component C? 12pF
Added Member To Class: ClassName=GPIO Member=Component C? 12pF
Added Member To Class: ClassName=GPIO Member=Component C? 101/50V
Added Member To Class: ClassName=GPIO Member=Component C? 0.8pF
Added Member To Class: ClassName=GPIO Member=Component L? 3.9nH
Added Member To Class: ClassName=GPIO Member=Component X? 32MHz
Added Member To Class: ClassName=GPIO Member=Component Y? 32.768K
