Change Component Designator: OldDesignator=ANT? NewDesignator=ANT1
Change Component Designator: OldDesignator=C? NewDesignator=C1
Change Component Designator: OldDesignator=C? NewDesignator=C2
Change Component Designator: OldDesignator=C? NewDesignator=C3
Change Component Designator: OldDesignator=C? NewDesignator=C4
Change Component Designator: OldDesignator=C? NewDesignator=C5
Change Component Designator: OldDesignator=C? NewDesignator=C6
Change Component Designator: OldDesignator=C? NewDesignator=C7
Change Component Designator: OldDesignator=C? NewDesignator=C8
Change Component Designator: OldDesignator=C? NewDesignator=C9
Change Component Designator: OldDesignator=C? NewDesignator=C10
Change Component Designator: OldDesignator=C? NewDesignator=C11
Change Component Designator: OldDesignator=C? NewDesignator=C12
Change Component Designator: OldDesignator=L? NewDesignator=L1
Change Component Designator: OldDesignator=P? NewDesignator=P3
Change Component Designator: OldDesignator=P? NewDesignator=P5
Change Component Designator: OldDesignator=U? NewDesignator=U1
Change Component Designator: OldDesignator=X? NewDesignator=X1
Change Component Designator: OldDesignator=Y? NewDesignator=Y1
Added Component: Designator=P1(HDR1X3)
Add component (AddParameter): Name = "CMT"; Value = ""; VariantName = "[No Variations]"
Add component (AddParameter): Name = "CompanyID"; Value = ""; VariantName = "[No Variations]"
Add component (AddParameter): Name = "MFR"; Value = ""; VariantName = "[No Variations]"
Add component (AddParameter): Name = "MFR_URL"; Value = ""; VariantName = "[No Variations]"
Add component (AddParameter): Name = "MPN"; Value = ""; VariantName = "[No Variations]"
Add component (AddParameter): Name = "Solder"; Value = "WAVE"; VariantName = "[No Variations]"
Added Component: Designator=P2(HDR1X4)
Add component (AddParameter): Name = "CMT"; Value = "Header 4P"; VariantName = "[No Variations]"
Add component (AddParameter): Name = "CompanyID"; Value = ""; VariantName = "[No Variations]"
Add component (AddParameter): Name = "MFR"; Value = ""; VariantName = "[No Variations]"
Add component (AddParameter): Name = "MFR_URL"; Value = ""; VariantName = "[No Variations]"
Add component (AddParameter): Name = "MPN"; Value = "S1012EC-40-ND"; VariantName = "[No Variations]"
Add component (AddParameter): Name = "Solder"; Value = "WAVE"; VariantName = "[No Variations]"
Added Component: Designator=P4(HDR1X5)
Add component (AddParameter): Name = "CMT"; Value = "Header 5P"; VariantName = "[No Variations]"
Add component (AddParameter): Name = "CompanyID"; Value = ""; VariantName = "[No Variations]"
Add component (AddParameter): Name = "MFR"; Value = ""; VariantName = "[No Variations]"
Add component (AddParameter): Name = "MFR_URL"; Value = ""; VariantName = "[No Variations]"
Add component (AddParameter): Name = "MPN"; Value = "S1012EC-40-ND"; VariantName = "[No Variations]"
Add component (AddParameter): Name = "Solder"; Value = "WAVE"; VariantName = "[No Variations]"
Added Component: Designator=P6(HDR1X6)
Add component (AddParameter): Name = "CMT"; Value = "Header 6P"; VariantName = "[No Variations]"
Add component (AddParameter): Name = "CompanyID"; Value = ""; VariantName = "[No Variations]"
Add component (AddParameter): Name = "MFR"; Value = ""; VariantName = "[No Variations]"
Add component (AddParameter): Name = "MFR_URL"; Value = ""; VariantName = "[No Variations]"
Add component (AddParameter): Name = "MPN"; Value = "S1012EC-40-ND"; VariantName = "[No Variations]"
Add component (AddParameter): Name = "Solder"; Value = "WAVE"; VariantName = "[No Variations]"
Added Component: Designator=P7(HDR1X5)
Add component (AddParameter): Name = "CMT"; Value = "Header 5P"; VariantName = "[No Variations]"
Add component (AddParameter): Name = "CompanyID"; Value = ""; VariantName = "[No Variations]"
Add component (AddParameter): Name = "MFR"; Value = ""; VariantName = "[No Variations]"
Add component (AddParameter): Name = "MFR_URL"; Value = ""; VariantName = "[No Variations]"
Add component (AddParameter): Name = "MPN"; Value = "S1012EC-40-ND"; VariantName = "[No Variations]"
Add component (AddParameter): Name = "Solder"; Value = "WAVE"; VariantName = "[No Variations]"
Added Pin To Net: NetName=P0.31 Pin=P1-1
Added Pin To Net: NetName=P0.30 Pin=P1-2
Added Pin To Net: NetName=P0.29 Pin=P1-3
Added Pin To Net: NetName=P0.28 Pin=P2-1
Added Pin To Net: NetName=P0.27 Pin=P2-2
Added Pin To Net: NetName=P0.26 Pin=P2-3
Added Pin To Net: NetName=P0.25 Pin=P2-4
Added Pin To Net: NetName=P0.24 Pin=P4-1
Added Pin To Net: NetName=P0.23 Pin=P4-2
Added Pin To Net: NetName=P0.22 Pin=P4-3
Added Pin To Net: NetName=SWDIO Pin=P4-4
Added Pin To Net: NetName=SWDCLK Pin=P4-5
Added Pin To Net: NetName=P0.10 Pin=P5-1
Added Pin To Net: NetName=P0.09 Pin=P5-2
Added Pin To Net: NetName=P0.08 Pin=P5-3
Added Pin To Net: NetName=P0.16 Pin=P6-1
Added Pin To Net: NetName=P0.17 Pin=P6-2
Added Pin To Net: NetName=P0.18 Pin=P6-3
Added Pin To Net: NetName=P0.19 Pin=P6-4
Added Pin To Net: NetName=P0.20 Pin=P6-5
Added Pin To Net: NetName=P0.21 Pin=P6-6
Added Pin To Net: NetName=P0.11 Pin=P7-1
Added Pin To Net: NetName=P0.12 Pin=P7-2
Added Pin To Net: NetName=P0.13 Pin=P7-3
Added Pin To Net: NetName=P0.14 Pin=P7-4
Added Pin To Net: NetName=P0.15 Pin=P7-5
Change Net Name : Old Net Name=NetC?_1 New Net Name=NetC1_1
Change Net Name : Old Net Name=NetC?_2 New Net Name=NetC8_2
Added Pin To Net: NetName=NetC2_2 Pin=C2-2
Added Pin To Net: NetName=NetC2_2 Pin=U1-35
Added Pin To Net: NetName=NetC2_2 Pin=X1-1
Added Net: Name=NetC2_2
Added Pin To Net: NetName=NetC4_2 Pin=C4-2
Added Pin To Net: NetName=NetC4_2 Pin=U1-1
Added Net: Name=NetC4_2
Added Pin To Net: NetName=NetC5_2 Pin=C5-2
Added Pin To Net: NetName=NetC5_2 Pin=U1-34
Added Pin To Net: NetName=NetC5_2 Pin=X1-3
Added Net: Name=NetC5_2
Added Pin To Net: NetName=NetC7_2 Pin=C7-2
Added Pin To Net: NetName=NetC7_2 Pin=U1-2
Added Pin To Net: NetName=NetC7_2 Pin=Y1-2
Added Net: Name=NetC7_2
Added Pin To Net: NetName=NetC9_2 Pin=C9-2
Added Pin To Net: NetName=NetC9_2 Pin=U1-32
Added Net: Name=NetC9_2
Added Pin To Net: NetName=NetC10_2 Pin=C10-2
Added Pin To Net: NetName=NetC10_2 Pin=U1-3
Added Pin To Net: NetName=NetC10_2 Pin=Y1-1
Added Net: Name=NetC10_2
Added Pin To Net: NetName=NetC11_2 Pin=C11-2
Added Pin To Net: NetName=NetC11_2 Pin=L1-1
Added Pin To Net: NetName=NetC11_2 Pin=U1-30
Added Net: Name=NetC11_2
Added Member To Class: ClassName=GPIO Member=Component C1 105/16V
Added Member To Class: ClassName=GPIO Member=Component C2 12pF
Added Member To Class: ClassName=GPIO Member=Component C3 475/10V
Added Member To Class: ClassName=GPIO Member=Component C4 104/16V
Added Member To Class: ClassName=GPIO Member=Component C5 12pF
Added Member To Class: ClassName=GPIO Member=Component C6 104/16V
Added Member To Class: ClassName=GPIO Member=Component C7 12pF
Added Member To Class: ClassName=GPIO Member=Component C9 N.C
Added Member To Class: ClassName=GPIO Member=Component C10 12pF
Added Member To Class: ClassName=GPIO Member=Component C11 0.8pF
Added Member To Class: ClassName=GPIO Member=Component C12 104/16V
Added Member To Class: ClassName=GPIO Member=Component P1
Added Member To Class: ClassName=GPIO Member=Component P2 Header 4P
Added Member To Class: ClassName=GPIO Member=Component P4 Header 5P
Added Member To Class: ClassName=GPIO Member=Component P5
Added Member To Class: ClassName=GPIO Member=Component P6 Header 6P
Added Member To Class: ClassName=GPIO Member=Component P7 Header 5P
