Removed Pin From Net: NetName=P0.07 Pin=P3-1
Removed Pin From Net: NetName=P0.06 Pin=P3-2
Removed Pin From Net: NetName=P0.05 Pin=P3-3
Removed Pin From Net: NetName=P0.04 Pin=P3-4
Removed Pin From Net: NetName=P0.03 Pin=P3-5
Removed Pin From Net: NetName=P0.02 Pin=P3-6
Removed Pin From Net: NetName=P0.17 Pin=P6-2
Removed Pin From Net: NetName=P0.18 Pin=P6-3
Removed Pin From Net: NetName=P0.19 Pin=P6-4
Removed Pin From Net: NetName=P0.20 Pin=P6-5
Removed Pin From Net: NetName=P0.21 Pin=P6-6
Change Component Footprint: Designator=P6 Old Footprint=HDR1X6 New Footprint=HDR1X2
Change Component Footprint: Designator=P3 Old Footprint=HDR1X6 New Footprint=HDR1X4
Change Component Comment : Designator=C2 Old Comment=12pF New Comment=10pF
Change Component Comment : Designator=C5 Old Comment=12pF New Comment=10pF
Change Component Comment : Designator=C7 Old Comment=12pF New Comment=10pF
Change Component Comment : Designator=C10 Old Comment=12pF New Comment=10pF
Change Component Comment : Designator=P6 Old Comment=Header 6P New Comment=
Change Component Comment : Designator=P3 Old Comment=Header 6P New Comment=Header 4P
Change Component Designator: OldDesignator=P4 NewDesignator=P5
Change Component Designator: OldDesignator=P5 NewDesignator=P7
Change Component Designator: OldDesignator=P7 NewDesignator=P8
Change Component Designator: OldDesignator=P8 NewDesignator=P9
Change component parameters: Designator = "P3" ("P3"); Footprint = "HDR1X6"; UniqueID = "\NRPXSXNV" ("\NRPXSXNV")
Change component parameters (AddParameter): Name = "CMT"; Value = "Header 4P"; VariantName = "[No Variations]"
Change component parameters (AddParameter): Name = "CompanyID"; Value = ""; VariantName = "[No Variations]"
Change component parameters (AddParameter): Name = "MFR"; Value = ""; VariantName = "[No Variations]"
Change component parameters (AddParameter): Name = "MFR_URL"; Value = ""; VariantName = "[No Variations]"
Change component parameters (AddParameter): Name = "MPN"; Value = "S1012EC-40-ND"; VariantName = "[No Variations]"
Change component parameters (AddParameter): Name = "Solder"; Value = "WAVE"; VariantName = "[No Variations]"
Change component parameters: Designator = "P6" ("P6"); Footprint = "HDR1X6"; UniqueID = "\VLPDHKJU" ("\VLPDHKJU")
Change component parameters (AddParameter): Name = "CMT"; Value = ""; VariantName = "[No Variations]"
Change component parameters (AddParameter): Name = "CompanyID"; Value = ""; VariantName = "[No Variations]"
Change component parameters (AddParameter): Name = "MFR"; Value = ""; VariantName = "[No Variations]"
Change component parameters (AddParameter): Name = "MFR_URL"; Value = ""; VariantName = "[No Variations]"
Change component parameters (AddParameter): Name = "MPN"; Value = ""; VariantName = "[No Variations]"
Change component parameters (AddParameter): Name = "Solder"; Value = "WAVE"; VariantName = "[No Variations]"
Added Component: Designator=P4(HDR1X2)
Add component (AddParameter): Name = "CMT"; Value = ""; VariantName = "[No Variations]"
Add component (AddParameter): Name = "CompanyID"; Value = ""; VariantName = "[No Variations]"
Add component (AddParameter): Name = "MFR"; Value = ""; VariantName = "[No Variations]"
Add component (AddParameter): Name = "MFR_URL"; Value = ""; VariantName = "[No Variations]"
Add component (AddParameter): Name = "MPN"; Value = ""; VariantName = "[No Variations]"
Add component (AddParameter): Name = "Solder"; Value = "WAVE"; VariantName = "[No Variations]"
Added Component: Designator=P10(HDR1X4)
Add component (AddParameter): Name = "CMT"; Value = "Header 4P"; VariantName = "[No Variations]"
Add component (AddParameter): Name = "CompanyID"; Value = ""; VariantName = "[No Variations]"
Add component (AddParameter): Name = "MFR"; Value = ""; VariantName = "[No Variations]"
Add component (AddParameter): Name = "MFR_URL"; Value = ""; VariantName = "[No Variations]"
Add component (AddParameter): Name = "MPN"; Value = "S1012EC-40-ND"; VariantName = "[No Variations]"
Add component (AddParameter): Name = "Solder"; Value = "WAVE"; VariantName = "[No Variations]"
Added Pin To Net: NetName=P0.05 Pin=P3-1
Added Pin To Net: NetName=P0.04 Pin=P3-2
Added Pin To Net: NetName=P0.03 Pin=P3-3
Added Pin To Net: NetName=P0.02 Pin=P3-4
Added Pin To Net: NetName=P0.06 Pin=P4-1
Added Pin To Net: NetName=P0.05 Pin=P4-2
Added Pin To Net: NetName=P0.16 Pin=P6-2
Added Pin To Net: NetName=P0.18 Pin=P10-1
Added Pin To Net: NetName=P0.19 Pin=P10-2
Added Pin To Net: NetName=P0.20 Pin=P10-3
Added Pin To Net: NetName=P0.21 Pin=P10-4
Added Member To Class: ClassName=GPIO Member=Component P7
Added Member To Class: ClassName=GPIO Member=Component P9 Header 5P
Added Member To Class: ClassName=GPIO Member=Component P10 Header 4P
Added Room: Name=GPIO
